[LOG] SystemI::init                            :     FMOD Studio Version: 00010813 (80479)
[LOG] SystemI::init                            :     maxchannels = 1024, flags = 00030000, extradriverdata = 0x0
[LOG] SystemI::close                           :     
[LOG] SystemI::close                           :     Stop all sounds
[LOG] SystemI::close                           :     done.

[LOG] OutputCoreAudio::enumerate               :     Enumerating...
[LOG] OutputCoreAudio::enumerate               :     Found output driver: "Built-in Output".
[LOG] OutputCoreAudio::enumerate               :     Found output driver: "HDMI".
[LOG] OutputCoreAudio::enumerate               :     Done.
[LOG] OutputCoreAudio::init                    :     Output running 2 channels at 44100Hz sample rate.
[LOG] OutputCoreAudio::init                    :     Maximum hardware read size: 1024 samples, Software buffer size: 512 samples, Number of software buffers: 4.
[WRN] SystemI::init                            :     Output requires a sample rate of 44100Hz, resampling will occur.
[LOG] Thread::initThread                       :     Initializing FMOD mixer thread.  priority 3
[LOG] Thread::initThread                       :     - Stacksize 49152.  Stack pointer 0x0 : usesemaphore = 1 : sleeptime = 0
[LOG] Thread::callback                         :     * FMOD mixer thread started
[LOG] SystemI::init                            :     Set up emulated output
[LOG] SystemI::init                            :     create the channel pool
[LOG] Thread::initThread                       :     Initializing FMOD stream thread.  priority 2
[LOG] Thread::initThread                       :     - Stacksize 65536.  Stack pointer 0x0 : usesemaphore = 0 : sleeptime = 10
[LOG] Thread::callback                         :     * FMOD stream thread started
[LOG] Thread::initThread                       :     Initializing FMOD Studio update thread.  priority 0
[LOG] Thread::initThread                       :     - Stacksize 65536.  Stack pointer 0x0 : usesemaphore = 0 : sleeptime = 1
[LOG] Thread::callback                         :     * FMOD Studio update thread started
[LOG] Thread::initThread                       :     Initializing FMOD Studio sample load thread.  priority 0
[LOG] Thread::initThread                       :     - Stacksize 65536.  Stack pointer 0x0 : usesemaphore = 0 : sleeptime = 1
[LOG] Thread::callback                         :     * FMOD Studio sample load thread started
[LOG] LiveUpdate::init                         :     
[LOG] Thread::initThread                       :     Initializing FMOD Studio bank load thread.  priority 0
[LOG] Thread::initThread                       :     - Stacksize 65536.  Stack pointer 0x0 : usesemaphore = 0 : sleeptime = 1
[LOG] Thread::callback                         :     * FMOD Studio bank load thread started
[LOG] Profile::init                            :     Profiler listening on port: 9264
[LOG] Manager::readBank                        :     fileversion = 80, compatVersion = 70 (oldest = 44, newest = 80)
[LOG] Manager::readBank                        :     fileversion = 80, compatVersion = 70 (oldest = 44, newest = 80)
[LOG] PlaybackSystem::acquireMasterBus         :     Setting master channel group format to 6
[LOG] SystemI::createSoundInternal             :     filename =  : mode 02000202
[LOG] SystemI::createSoundInternal             :     exinfo->cbsize             = 232
[LOG] SystemI::createSoundInternal             :     exinfo->length             = 54005344
[LOG] SystemI::createSoundInternal             :     exinfo->fileoffset         = 23456
[LOG] SystemI::createSoundInternal             :     exinfo->numsubsounds       = 1
[LOG] SystemI::createSoundInternal             :     exinfo->inclusionlist      = 0x700006c82b88
[LOG] SystemI::createSoundInternal             :     exinfo->inclusionlistnum   = 1
[LOG] SystemI::createSoundInternal             :     exinfo->suggestedsoundtype = 5
[LOG] SystemI::createSoundInternal             :     exinfo->useropen           = 0x1272bb5b4
[LOG] SystemI::createSoundInternal             :     exinfo->userclose          = 0x1272bb670
[LOG] SystemI::createSoundInternal             :     exinfo->userread           = 0x1272bb6a0
[LOG] SystemI::createSoundInternal             :     exinfo->userseek           = 0x1272bb73d
[LOG] SystemI::createSoundInternal             :     exinfo->fileuserdata       = 0x14fa230a8
[LOG] SystemI::createSoundInternal             :     exinfo->initialseekpostype = 1
[LOG] SystemI::createSoundInternal             :     Format has 1 subsounds.
[LOG] SystemI::createSoundInternal             :     Create as FMOD_CREATESAMPLE
[LOG] SystemI::createSoundInternal             :     Multi-sample sound (1 subsounds), create a sample container.
[LOG] SystemI::createSoundInternal             :     creating subsound 0/1
[LOG] SystemI::createSample                    :     mode 02000202 length 347324 samples, lengthbytes 95584
[LOG] SystemI::createSample                    :     channels = 2
[LOG] SystemI::createSample                    :     output = 0x107ab99d8
[LOG] OutputSoftware::createSample             :     lengthpcm 347324, lengthbytes 95584, channels 2, format 2, freq 48000, mode 0200020a
[LOG] SystemI::createSoundInternal             :     No name found in file, use filename.
[LOG] SystemI::createSoundInternal             :     done.  OpenState now = FMOD_OPENSTATE_READY.

[LOG] SystemI::createSound                     :     filename = /Users/ludus1/Desktop/Uirapuru/Build/Desktop/Master Bank.bank : mode 02010082
[LOG] SystemI::createSound                     :     FMOD_NONBLOCKING specified.  Putting into queue to be opened asynchronously!
[LOG] Thread::initThread                       :     Initializing FMOD nonblocking thread (0).  priority 1
[LOG] Thread::initThread                       :     - Stacksize 81920.  Stack pointer 0x0 : usesemaphore = 1 : sleeptime = 0
[LOG] Thread::callback                         :     * FMOD nonblocking thread (0) started
[LOG] SystemI::createSound                     :     setdata soundi = 0x1375da738 : node = 0x1375da8f0
[LOG] SystemI::createSound                     :     add node to async list : head = 0x13651f888.  list count = 0
[LOG] AsyncThread::threadFunc                  :     Starting Asynchronous operation on sound 0x1375da738
[LOG] SystemI::createSoundInternal             : filename = /Users/ludus1/Desktop/Uirapuru/Build/Desktop/Master Bank.bank : mode 02010082
[LOG] SystemI::createSoundInternal             : exinfo->cbsize             = 232
[LOG] SystemI::createSoundInternal             : exinfo->length             = 54005344
[LOG] SystemI::createSoundInternal             : exinfo->fileoffset         = 23456
[LOG] SystemI::createSoundInternal             : exinfo->numsubsounds       = 1
[LOG] SystemI::createSoundInternal             : exinfo->inclusionlist      = 0x1375daa08
[LOG] SystemI::createSoundInternal             : exinfo->inclusionlistnum   = 1
[LOG] SystemI::createSound                     : filename = /Users/ludus1/Desktop/Uirapuru/Build/Desktop/Master Bank.bank : mode 02010082
[LOG] SystemI::createSoundInternal             : exinfo->suggestedsoundtype = 5
[LOG] SystemI::createSoundInternal             : exinfo->initialseekposition = 6653
[LOG] SystemI::createSound                     : FMOD_NONBLOCKING specified.  Putting into queue to be opened asynchronously!
[LOG] SystemI::createSoundInternal             : exinfo->initialseekpostype = 1
[LOG] SystemI::createSound                     : setdata soundi = 0x141f077e8 : node = 0x141f33460
[LOG] SystemI::createSound                     : add node to async list : head = 0x13651f888.  list count = 0
[LOG] SystemI::createSoundInternal             : Format has 1 subsounds.
[LOG] SystemI::createSoundInternal             : Create as FMOD_CREATESTREAM
[LOG] System::createSoundInternal              : decode buffersize = 19200 : blocksize = 256 : format = 2
[LOG] SystemI::createSound                     : filename = /Users/ludus1/Desktop/Uirapuru/Build/Desktop/Master Bank.bank : mode 02010082
[LOG] SystemI::createSample                    : mode 02010082 length 19200 samples, lengthbytes 295744
[LOG] SystemI::createSample                    : channels = 2
[LOG] SystemI::createSound                     : FMOD_NONBLOCKING specified.  Putting into queue to be opened asynchronously!
[LOG] SystemI::createSample                    : output = 0x107ab99d8
[LOG] OutputSoftware::createSample             : lengthpcm 19200, lengthbytes 295744, channels 2, format 2, freq 48000, mode 0201008a
[LOG] SystemI::createSound                     : setdata soundi = 0x141f49f18 : node = 0x141f4a0d0
[LOG] SystemI::createSound                     : add node to async list : head = 0x13651f888.  list count = 1
[LOG] System::createSoundInternal              : 1 subsounds detected.
[LOG] System::createSoundInternal              : Seek stream to start
[LOG] SystemI::createSound                     : filename = /Users/ludus1/Desktop/Uirapuru/Build/Desktop/Master Bank.bank : mode 02010082
[LOG] SystemI::createSound                     : FMOD_NONBLOCKING specified.  Putting into queue to be opened asynchronously!
[LOG] SystemI::createSound                     : setdata soundi = 0x141ff3e38 : node = 0x141f20e10
[LOG] SystemI::createSound                     : add node to async list : head = 0x13651f888.  list count = 2
[LOG] System::createSoundInternal              : flush stream buffer
[LOG] System::createSoundInternal              : flush successful.
[LOG] System::createSoundInternal              : switch file handle from small blocking single buffered to large nonblocking doublebuffered.
[LOG] Thread::initThread                       :     Initializing FMOD file thread.  priority 1
[LOG] Thread::initThread                       :     - Stacksize 16384.  Stack pointer 0x0 : usesemaphore = 0 : sleeptime = 10
[LOG] Thread::callback                         :     * FMOD file thread started
[LOG] SystemI::createSoundInternal             : done.  OpenState now = FMOD_OPENSTATE_READY.

[LOG] AsyncThread::threadFunc                  :     Finished Asynchronous operation on sound 0x1375da738
[LOG] AsyncThread::threadFunc                  :     Starting Asynchronous operation on sound 0x141f077e8
[LOG] SystemI::createSoundInternal             : filename = /Users/ludus1/Desktop/Uirapuru/Build/Desktop/Master Bank.bank : mode 02010082
[LOG] SystemI::createSoundInternal             : exinfo->cbsize             = 232
[LOG] SystemI::createSoundInternal             : exinfo->length             = 54005344
[LOG] SystemI::createSoundInternal             : exinfo->fileoffset         = 23456
[LOG] SystemI::createSoundInternal             : exinfo->numsubsounds       = 1
[LOG] SystemI::createSoundInternal             : exinfo->inclusionlist      = 0x141f33578
[LOG] SystemI::createSoundInternal             : exinfo->inclusionlistnum   = 1
[LOG] SystemI::createSoundInternal             : exinfo->suggestedsoundtype = 5
[LOG] SystemI::createSoundInternal             : exinfo->initialseekposition = 20462
[LOG] SystemI::createSoundInternal             : exinfo->initialseekpostype = 1
[LOG] SystemI::createSoundInternal             : Format has 1 subsounds.
[LOG] SystemI::createSoundInternal             : Create as FMOD_CREATESTREAM
[LOG] System::createSoundInternal              : decode buffersize = 19200 : blocksize = 256 : format = 2
[LOG] SystemI::createSample                    : mode 02010082 length 19200 samples, lengthbytes 295744
[LOG] SystemI::createSample                    : channels = 2
[LOG] SystemI::createSample                    : output = 0x107ab99d8
[LOG] OutputSoftware::createSample             : lengthpcm 19200, lengthbytes 295744, channels 2, format 2, freq 48000, mode 0201008a
[LOG] System::createSoundInternal              : 1 subsounds detected.
[LOG] System::createSoundInternal              : Seek stream to start
[LOG] System::createSoundInternal              : flush stream buffer
[LOG] System::createSoundInternal              : flush successful.
[LOG] System::createSoundInternal              : switch file handle from small blocking single buffered to large nonblocking doublebuffered.
[LOG] SystemI::createSoundInternal             : done.  OpenState now = FMOD_OPENSTATE_READY.

[LOG] AsyncThread::threadFunc                  :     Finished Asynchronous operation on sound 0x141f077e8
[LOG] AsyncThread::threadFunc                  :     Starting Asynchronous operation on sound 0x141f49f18
[LOG] SystemI::createSoundInternal             : filename = /Users/ludus1/Desktop/Uirapuru/Build/Desktop/Master Bank.bank : mode 02010082
[LOG] SystemI::createSoundInternal             : exinfo->cbsize             = 232
[LOG] SystemI::createSoundInternal             : exinfo->length             = 54005344
[LOG] SystemI::createSoundInternal             : exinfo->fileoffset         = 23456
[LOG] SystemI::createSoundInternal             : exinfo->numsubsounds       = 1
[LOG] SystemI::createSoundInternal             : exinfo->inclusionlist      = 0x141f4a1e8
[LOG] SystemI::createSoundInternal             : exinfo->inclusionlistnum   = 1
[LOG] SystemI::createSoundInternal             : exinfo->suggestedsoundtype = 5
[LOG] SystemI::createSoundInternal             : exinfo->initialseekposition = 10577
[LOG] SystemI::createSoundInternal             : exinfo->initialseekpostype = 1
[LOG] SystemI::createSoundInternal             : Format has 1 subsounds.
[LOG] SystemI::createSoundInternal             : Create as FMOD_CREATESTREAM
[LOG] System::createSoundInternal              : decode buffersize = 19200 : blocksize = 256 : format = 2
[LOG] SystemI::createSample                    : mode 02010082 length 19200 samples, lengthbytes 295744
[LOG] SystemI::createSample                    : channels = 2
[LOG] SystemI::createSample                    : output = 0x107ab99d8
[LOG] OutputSoftware::createSample             : lengthpcm 19200, lengthbytes 295744, channels 2, format 2, freq 48000, mode 0201008a
[LOG] System::createSoundInternal              : 1 subsounds detected.
[LOG] System::createSoundInternal              : Seek stream to start
[LOG] System::createSoundInternal              : flush stream buffer
[LOG] System::createSoundInternal              : flush successful.
[LOG] System::createSoundInternal              : switch file handle from small blocking single buffered to large nonblocking doublebuffered.
[LOG] SystemI::createSoundInternal             : done.  OpenState now = FMOD_OPENSTATE_READY.

[LOG] AsyncThread::threadFunc                  :     Finished Asynchronous operation on sound 0x141f49f18
[LOG] AsyncThread::threadFunc                  :     Starting Asynchronous operation on sound 0x141ff3e38
[LOG] SystemI::createSoundInternal             : filename = /Users/ludus1/Desktop/Uirapuru/Build/Desktop/Master Bank.bank : mode 02010082
[LOG] SystemI::createSoundInternal             : exinfo->cbsize             = 232
[LOG] SystemI::createSoundInternal             : exinfo->length             = 54005344
[LOG] SystemI::createSoundInternal             : exinfo->fileoffset         = 23456
[LOG] SystemI::createSoundInternal             : exinfo->numsubsounds       = 1
[LOG] SystemI::createSoundInternal             : exinfo->inclusionlist      = 0x141f20f28
[LOG] SystemI::createSoundInternal             : exinfo->inclusionlistnum   = 1
[LOG] SystemI::createSoundInternal             : exinfo->suggestedsoundtype = 5
[LOG] SystemI::createSoundInternal             : exinfo->initialseekposition = 22405
[LOG] SystemI::createSoundInternal             : exinfo->initialseekpostype = 1
[LOG] SystemI::createSoundInternal             : Format has 1 subsounds.
[LOG] SystemI::createSoundInternal             : Create as FMOD_CREATESTREAM
[LOG] System::createSoundInternal              : decode buffersize = 19200 : blocksize = 256 : format = 2
[LOG] SystemI::createSample                    : mode 02010082 length 19200 samples, lengthbytes 295744
[LOG] SystemI::createSample                    : channels = 2
[LOG] SystemI::createSample                    : output = 0x107ab99d8
[LOG] OutputSoftware::createSample             : lengthpcm 19200, lengthbytes 295744, channels 2, format 2, freq 48000, mode 0201008a
[LOG] System::createSoundInternal              : 1 subsounds detected.
[LOG] System::createSoundInternal              : Seek stream to start
[LOG] System::createSoundInternal              : flush stream buffer
[LOG] System::createSoundInternal              : flush successful.
[LOG] System::createSoundInternal              : switch file handle from small blocking single buffered to large nonblocking doublebuffered.
[LOG] SystemI::createSoundInternal             : done.  OpenState now = FMOD_OPENSTATE_READY.

[LOG] AsyncThread::threadFunc                  :     Finished Asynchronous operation on sound 0x141ff3e38
[LOG] SoundI::getSubSound                      :     sound 0x1375da738.  Subsound index 0 / 1
[LOG] SoundI::getSubSound                      :     sound 0x141f077e8.  Subsound index 0 / 1
[LOG] SoundI::getSubSound                      :     sound 0x141f49f18.  Subsound index 0 / 1
[LOG] SoundI::getSubSound                      :     sound 0x141ff3e38.  Subsound index 0 / 1
[LOG] SoundI::release                          :     Footsteps+in+Forest+Sound+Effect (0x141ff3e38)
[LOG] SoundI::release                          :     remove stream samples. (0x141ff3e38)
[LOG] SoundI::release                          : Footsteps+in+Forest+Sound+Effect (0x1079dcb68)
[LOG] SoundI::release                          :     release subsounds. (0x141ff3e38)
[LOG] SoundI::release                          : Footsteps+in+Forest+Sound+Effect (0x1079cb3d8)
[LOG] SoundI::release                          :     release codec. (0x141ff3e38)
[LOG] SoundI::release                          :     Footsteps+in+Forest+Sound+Effect (0x141f49f18)
[LOG] SoundI::release                          :     remove stream samples. (0x141f49f18)
[LOG] SoundI::release                          : Footsteps+in+Forest+Sound+Effect (0x10795f188)
[LOG] SoundI::release                          :     release subsounds. (0x141f49f18)
[LOG] SoundI::release                          : Footsteps+in+Forest+Sound+Effect (0x1079ecea8)
[LOG] SoundI::release                          :     release codec. (0x141f49f18)
[LOG] SoundI::release                          :     Footsteps+in+Forest+Sound+Effect (0x141f077e8)
[LOG] SoundI::release                          :     remove stream samples. (0x141f077e8)
[LOG] SoundI::release                          : Footsteps+in+Forest+Sound+Effect (0x10793d0e8)
[LOG] SoundI::release                          :     release subsounds. (0x141f077e8)
[LOG] SoundI::release                          : Footsteps+in+Forest+Sound+Effect (0x1079cbe58)
[LOG] SoundI::release                          :     release codec. (0x141f077e8)
[LOG] SoundI::release                          :     Footsteps+in+Forest+Sound+Effect (0x1375da738)
[LOG] SoundI::release                          :     remove stream samples. (0x1375da738)
[LOG] SoundI::release                          : Footsteps+in+Forest+Sound+Effect (0x13651ffb8)
[LOG] SoundI::release                          :     release subsounds. (0x1375da738)
[LOG] SoundI::release                          : Footsteps+in+Forest+Sound+Effect (0x136520258)
[LOG] SoundI::release                          :     release codec. (0x1375da738)
[LOG] SoundI::release                          :      (0x13656b5f8)
[LOG] SoundI::release                          :     release subsounds. (0x13656b5f8)
[LOG] SoundI::release                          : FREE+SOUND+FX+Boats+Rowing+Boat+On+Lake+Oars+In+Water (0x107a6bff8)
[LOG] SoundI::release                          :     release codec. (0x13656b5f8)
[LOG] Thread::callback                         :     * FMOD Studio update thread finished
[LOG] Thread::close                            :     FMOD Studio update thread thread destroyed
[LOG] Thread::callback                         :     * FMOD Studio bank load thread finished
[LOG] Thread::close                            :     FMOD Studio bank load thread thread destroyed
[LOG] Profile::disconnectAll                   :     Profiler disconnecting all clients
[LOG] Thread::callback                         :     * FMOD Studio sample load thread finished
[LOG] Thread::close                            :     FMOD Studio sample load thread thread destroyed
[LOG] LiveUpdate::release                      :     
[LOG] LiveUpdate::reset                        :     Reset connection (reason Disconnected)
[LOG] SystemI::close                           :     
[LOG] SystemI::close                           :     Stop all sounds
[LOG] Thread::callback                         :     * FMOD stream thread finished
[LOG] Thread::close                            :     FMOD stream thread thread destroyed
[LOG] SystemI::close                           :     Stream thread destroyed
[LOG] Thread::callback                         :     * FMOD mixer thread finished
[LOG] Thread::close                            :     FMOD mixer thread thread destroyed
[LOG] SystemI::close                           :     Free master channel group.
[LOG] SystemI::close                           :     Remove 'master' sound group.
[LOG] SystemI::close                           :     Free software output.
[LOG] SystemI::close                           :     Free emulated output.
[LOG] SystemI::close                           :     Free channel pool.
[LOG] Thread::callback                         :     * FMOD nonblocking thread (0) finished
[LOG] Thread::close                            :     FMOD nonblocking thread (0) thread destroyed
[LOG] Thread::callback                         :     * FMOD file thread finished
[LOG] Thread::close                            :     FMOD file thread thread destroyed
[LOG] SystemI::close                           :     done.

